Build started 5/16/2016 1:21:41 PM.
     1>Project "C:\Users\newmast\Documents\GitHub\Consisorium\Consistorium\Consistorium.vcxproj" on node 2 (Build target(s)).
     1>Link:
         C:\Program Files (x86)\Microsoft Visual Studio 12.0\VC\bin\link.exe /ERRORREPORT:PROMPT /OUT:"C:\Users\newmast\Documents\GitHub\Consisorium\Consistorium\Release\Consistorium.exe" /NOLOGO /LIBPATH:C:\Users\radostin\Documents\informatics\Consistorium\Consistorium\Dependencies\dlls /LIBPATH:C:\Users\newmast\Documents\GitHub\Consisorium\Consistorium\\Dependencies\dlls /LIBPATH:"C:\Program Files (x86)\Visual Leak Detector\lib\Win32" SDL2.lib SDL2main.lib SDL2_image.lib SDL2_ttf.lib Box2D.lib kernel32.lib user32.lib gdi32.lib winspool.lib comdlg32.lib advapi32.lib shell32.lib ole32.lib oleaut32.lib uuid.lib odbc32.lib odbccp32.lib /MANIFEST /MANIFESTUAC:"level='asInvoker' uiAccess='false'" /manifest:embed /PDB:"C:\Users\newmast\Documents\GitHub\Consisorium\Consistorium\Release\Consistorium.pdb" /SUBSYSTEM:CONSOLE /OPT:REF /OPT:ICF /LTCG /TLBID:1 /DYNAMICBASE /NXCOMPAT /IMPLIB:"C:\Users\newmast\Documents\GitHub\Consisorium\Consistorium\Release\Consistorium.lib" /MACHINE:X86 /SAFESEH Release\Bush.obj
         Release\DeathBoss.obj
         Release\GameState.obj
         Release\BackgroundManager.obj
         Release\Box.obj
         Release\Capsule.obj
         Release\Enemy.obj
         Release\Skeleton.obj
         Release\EntityFactory.obj
         Release\Block.obj
         Release\Tree.obj
         Release\Player.obj
         Release\Game.obj
         Release\GameUtils.obj
         Release\InputHandler.obj
         Release\main.obj
         Release\Menu.obj
         Release\Actionbar.obj
         Release\InterfaceManager.obj
         Release\Inventory.obj
         Release\ItemSlot.obj
         Release\PlayerContactListener.obj
         Release\GroundLayer.obj
         Release\SpecialPlace.obj
         Release\SpecialPlacesManager.obj
         Release\UndergroundLayer.obj
         Release\WorldGenerator.obj
         Release\HellLayer.obj
         Release\PurgatoryLayer.obj
         Release\RuinLayer.obj
         C:\Users\newmast\Documents\GitHub\Consisorium\Consistorium\Release\GameEngine.lib
     1>Box2D.lib(b2World.obj) : error LNK2038: mismatch detected for '_ITERATOR_DEBUG_LEVEL': value '2' doesn't match value '0' in Bush.obj
     1>Box2D.lib(b2World.obj) : error LNK2038: mismatch detected for 'RuntimeLibrary': value 'MDd_DynamicDebug' doesn't match value 'MD_DynamicRelease' in Bush.obj
     1>Box2D.lib(b2Body.obj) : error LNK2038: mismatch detected for '_ITERATOR_DEBUG_LEVEL': value '2' doesn't match value '0' in Bush.obj
     1>Box2D.lib(b2Body.obj) : error LNK2038: mismatch detected for 'RuntimeLibrary': value 'MDd_DynamicDebug' doesn't match value 'MD_DynamicRelease' in Bush.obj
     1>Box2D.lib(b2PolygonShape.obj) : error LNK2038: mismatch detected for '_ITERATOR_DEBUG_LEVEL': value '2' doesn't match value '0' in Bush.obj
     1>Box2D.lib(b2PolygonShape.obj) : error LNK2038: mismatch detected for 'RuntimeLibrary': value 'MDd_DynamicDebug' doesn't match value 'MD_DynamicRelease' in Bush.obj
     1>Box2D.lib(b2CircleShape.obj) : error LNK2038: mismatch detected for '_ITERATOR_DEBUG_LEVEL': value '2' doesn't match value '0' in Bush.obj
     1>Box2D.lib(b2CircleShape.obj) : error LNK2038: mismatch detected for 'RuntimeLibrary': value 'MDd_DynamicDebug' doesn't match value 'MD_DynamicRelease' in Bush.obj
     1>Box2D.lib(b2Fixture.obj) : error LNK2038: mismatch detected for '_ITERATOR_DEBUG_LEVEL': value '2' doesn't match value '0' in Bush.obj
     1>Box2D.lib(b2Fixture.obj) : error LNK2038: mismatch detected for 'RuntimeLibrary': value 'MDd_DynamicDebug' doesn't match value 'MD_DynamicRelease' in Bush.obj
     1>Box2D.lib(b2BroadPhase.obj) : error LNK2038: mismatch detected for '_ITERATOR_DEBUG_LEVEL': value '2' doesn't match value '0' in Bush.obj
     1>Box2D.lib(b2BroadPhase.obj) : error LNK2038: mismatch detected for 'RuntimeLibrary': value 'MDd_DynamicDebug' doesn't match value 'MD_DynamicRelease' in Bush.obj
     1>Box2D.lib(b2ContactManager.obj) : error LNK2038: mismatch detected for '_ITERATOR_DEBUG_LEVEL': value '2' doesn't match value '0' in Bush.obj
     1>Box2D.lib(b2ContactManager.obj) : error LNK2038: mismatch detected for 'RuntimeLibrary': value 'MDd_DynamicDebug' doesn't match value 'MD_DynamicRelease' in Bush.obj
     1>Box2D.lib(b2Island.obj) : error LNK2038: mismatch detected for '_ITERATOR_DEBUG_LEVEL': value '2' doesn't match value '0' in Bush.obj
     1>Box2D.lib(b2Island.obj) : error LNK2038: mismatch detected for 'RuntimeLibrary': value 'MDd_DynamicDebug' doesn't match value 'MD_DynamicRelease' in Bush.obj
     1>Box2D.lib(b2Joint.obj) : error LNK2038: mismatch detected for '_ITERATOR_DEBUG_LEVEL': value '2' doesn't match value '0' in Bush.obj
     1>Box2D.lib(b2Joint.obj) : error LNK2038: mismatch detected for 'RuntimeLibrary': value 'MDd_DynamicDebug' doesn't match value 'MD_DynamicRelease' in Bush.obj
     1>Box2D.lib(b2PulleyJoint.obj) : error LNK2038: mismatch detected for '_ITERATOR_DEBUG_LEVEL': value '2' doesn't match value '0' in Bush.obj
     1>Box2D.lib(b2PulleyJoint.obj) : error LNK2038: mismatch detected for 'RuntimeLibrary': value 'MDd_DynamicDebug' doesn't match value 'MD_DynamicRelease' in Bush.obj
     1>Box2D.lib(b2Contact.obj) : error LNK2038: mismatch detected for '_ITERATOR_DEBUG_LEVEL': value '2' doesn't match value '0' in Bush.obj
     1>Box2D.lib(b2Contact.obj) : error LNK2038: mismatch detected for 'RuntimeLibrary': value 'MDd_DynamicDebug' doesn't match value 'MD_DynamicRelease' in Bush.obj
     1>Box2D.lib(b2WorldCallbacks.obj) : error LNK2038: mismatch detected for '_ITERATOR_DEBUG_LEVEL': value '2' doesn't match value '0' in Bush.obj
     1>Box2D.lib(b2WorldCallbacks.obj) : error LNK2038: mismatch detected for 'RuntimeLibrary': value 'MDd_DynamicDebug' doesn't match value 'MD_DynamicRelease' in Bush.obj
     1>Box2D.lib(b2ContactSolver.obj) : error LNK2038: mismatch detected for '_ITERATOR_DEBUG_LEVEL': value '2' doesn't match value '0' in Bush.obj
     1>Box2D.lib(b2ContactSolver.obj) : error LNK2038: mismatch detected for 'RuntimeLibrary': value 'MDd_DynamicDebug' doesn't match value 'MD_DynamicRelease' in Bush.obj
     1>Box2D.lib(b2DistanceJoint.obj) : error LNK2038: mismatch detected for '_ITERATOR_DEBUG_LEVEL': value '2' doesn't match value '0' in Bush.obj
     1>Box2D.lib(b2DistanceJoint.obj) : error LNK2038: mismatch detected for 'RuntimeLibrary': value 'MDd_DynamicDebug' doesn't match value 'MD_DynamicRelease' in Bush.obj
     1>Box2D.lib(b2WheelJoint.obj) : error LNK2038: mismatch detected for '_ITERATOR_DEBUG_LEVEL': value '2' doesn't match value '0' in Bush.obj
     1>Box2D.lib(b2WheelJoint.obj) : error LNK2038: mismatch detected for 'RuntimeLibrary': value 'MDd_DynamicDebug' doesn't match value 'MD_DynamicRelease' in Bush.obj
     1>Box2D.lib(b2MouseJoint.obj) : error LNK2038: mismatch detected for '_ITERATOR_DEBUG_LEVEL': value '2' doesn't match value '0' in Bush.obj
     1>Box2D.lib(b2MouseJoint.obj) : error LNK2038: mismatch detected for 'RuntimeLibrary': value 'MDd_DynamicDebug' doesn't match value 'MD_DynamicRelease' in Bush.obj
     1>Box2D.lib(b2RevoluteJoint.obj) : error LNK2038: mismatch detected for '_ITERATOR_DEBUG_LEVEL': value '2' doesn't match value '0' in Bush.obj
     1>Box2D.lib(b2RevoluteJoint.obj) : error LNK2038: mismatch detected for 'RuntimeLibrary': value 'MDd_DynamicDebug' doesn't match value 'MD_DynamicRelease' in Bush.obj
     1>Box2D.lib(b2PrismaticJoint.obj) : error LNK2038: mismatch detected for '_ITERATOR_DEBUG_LEVEL': value '2' doesn't match value '0' in Bush.obj
     1>Box2D.lib(b2PrismaticJoint.obj) : error LNK2038: mismatch detected for 'RuntimeLibrary': value 'MDd_DynamicDebug' doesn't match value 'MD_DynamicRelease' in Bush.obj
     1>Box2D.lib(b2GearJoint.obj) : error LNK2038: mismatch detected for '_ITERATOR_DEBUG_LEVEL': value '2' doesn't match value '0' in Bush.obj
     1>Box2D.lib(b2GearJoint.obj) : error LNK2038: mismatch detected for 'RuntimeLibrary': value 'MDd_DynamicDebug' doesn't match value 'MD_DynamicRelease' in Bush.obj
     1>Box2D.lib(b2WeldJoint.obj) : error LNK2038: mismatch detected for '_ITERATOR_DEBUG_LEVEL': value '2' doesn't match value '0' in Bush.obj
     1>Box2D.lib(b2WeldJoint.obj) : error LNK2038: mismatch detected for 'RuntimeLibrary': value 'MDd_DynamicDebug' doesn't match value 'MD_DynamicRelease' in Bush.obj
     1>Box2D.lib(b2FrictionJoint.obj) : error LNK2038: mismatch detected for '_ITERATOR_DEBUG_LEVEL': value '2' doesn't match value '0' in Bush.obj
     1>Box2D.lib(b2FrictionJoint.obj) : error LNK2038: mismatch detected for 'RuntimeLibrary': value 'MDd_DynamicDebug' doesn't match value 'MD_DynamicRelease' in Bush.obj
     1>Box2D.lib(b2RopeJoint.obj) : error LNK2038: mismatch detected for '_ITERATOR_DEBUG_LEVEL': value '2' doesn't match value '0' in Bush.obj
     1>Box2D.lib(b2RopeJoint.obj) : error LNK2038: mismatch detected for 'RuntimeLibrary': value 'MDd_DynamicDebug' doesn't match value 'MD_DynamicRelease' in Bush.obj
     1>Box2D.lib(b2MotorJoint.obj) : error LNK2038: mismatch detected for '_ITERATOR_DEBUG_LEVEL': value '2' doesn't match value '0' in Bush.obj
     1>Box2D.lib(b2MotorJoint.obj) : error LNK2038: mismatch detected for 'RuntimeLibrary': value 'MDd_DynamicDebug' doesn't match value 'MD_DynamicRelease' in Bush.obj
     1>Box2D.lib(b2CircleContact.obj) : error LNK2038: mismatch detected for '_ITERATOR_DEBUG_LEVEL': value '2' doesn't match value '0' in Bush.obj
     1>Box2D.lib(b2CircleContact.obj) : error LNK2038: mismatch detected for 'RuntimeLibrary': value 'MDd_DynamicDebug' doesn't match value 'MD_DynamicRelease' in Bush.obj
     1>Box2D.lib(b2PolygonAndCircleContact.obj) : error LNK2038: mismatch detected for '_ITERATOR_DEBUG_LEVEL': value '2' doesn't match value '0' in Bush.obj
     1>Box2D.lib(b2PolygonAndCircleContact.obj) : error LNK2038: mismatch detected for 'RuntimeLibrary': value 'MDd_DynamicDebug' doesn't match value 'MD_DynamicRelease' in Bush.obj
     1>Box2D.lib(b2PolygonContact.obj) : error LNK2038: mismatch detected for '_ITERATOR_DEBUG_LEVEL': value '2' doesn't match value '0' in Bush.obj
     1>Box2D.lib(b2PolygonContact.obj) : error LNK2038: mismatch detected for 'RuntimeLibrary': value 'MDd_DynamicDebug' doesn't match value 'MD_DynamicRelease' in Bush.obj
     1>Box2D.lib(b2EdgeAndCircleContact.obj) : error LNK2038: mismatch detected for '_ITERATOR_DEBUG_LEVEL': value '2' doesn't match value '0' in Bush.obj
     1>Box2D.lib(b2EdgeAndCircleContact.obj) : error LNK2038: mismatch detected for 'RuntimeLibrary': value 'MDd_DynamicDebug' doesn't match value 'MD_DynamicRelease' in Bush.obj
     1>Box2D.lib(b2EdgeAndPolygonContact.obj) : error LNK2038: mismatch detected for '_ITERATOR_DEBUG_LEVEL': value '2' doesn't match value '0' in Bush.obj
     1>Box2D.lib(b2EdgeAndPolygonContact.obj) : error LNK2038: mismatch detected for 'RuntimeLibrary': value 'MDd_DynamicDebug' doesn't match value 'MD_DynamicRelease' in Bush.obj
     1>Box2D.lib(b2ChainAndCircleContact.obj) : error LNK2038: mismatch detected for '_ITERATOR_DEBUG_LEVEL': value '2' doesn't match value '0' in Bush.obj
     1>Box2D.lib(b2ChainAndCircleContact.obj) : error LNK2038: mismatch detected for 'RuntimeLibrary': value 'MDd_DynamicDebug' doesn't match value 'MD_DynamicRelease' in Bush.obj
     1>Box2D.lib(b2ChainAndPolygonContact.obj) : error LNK2038: mismatch detected for '_ITERATOR_DEBUG_LEVEL': value '2' doesn't match value '0' in Bush.obj
     1>Box2D.lib(b2ChainAndPolygonContact.obj) : error LNK2038: mismatch detected for 'RuntimeLibrary': value 'MDd_DynamicDebug' doesn't match value 'MD_DynamicRelease' in Bush.obj
     1>Box2D.lib(b2ChainShape.obj) : error LNK2038: mismatch detected for '_ITERATOR_DEBUG_LEVEL': value '2' doesn't match value '0' in Bush.obj
     1>Box2D.lib(b2ChainShape.obj) : error LNK2038: mismatch detected for 'RuntimeLibrary': value 'MDd_DynamicDebug' doesn't match value 'MD_DynamicRelease' in Bush.obj
     1>Box2D.lib(b2EdgeShape.obj) : error LNK2038: mismatch detected for '_ITERATOR_DEBUG_LEVEL': value '2' doesn't match value '0' in Bush.obj
     1>Box2D.lib(b2EdgeShape.obj) : error LNK2038: mismatch detected for 'RuntimeLibrary': value 'MDd_DynamicDebug' doesn't match value 'MD_DynamicRelease' in Bush.obj
     1>LINK : warning LNK4098: defaultlib 'MSVCRTD' conflicts with use of other libs; use /NODEFAULTLIB:library
     1>C:\Users\newmast\Documents\GitHub\Consisorium\Consistorium\Release\Consistorium.exe : fatal error LNK1319: 64 mismatches detected
     1>Done Building Project "C:\Users\newmast\Documents\GitHub\Consisorium\Consistorium\Consistorium.vcxproj" (Build target(s)) -- FAILED.

Build FAILED.

Time Elapsed 00:00:01.28
