Build started 5/16/2016 1:21:33 PM.
     1>Project "C:\Users\newmast\Documents\GitHub\Consisorium\Consistorium\GameEngine\GameEngine.vcxproj" on node 2 (Build target(s)).
     1>ClCompile:
         C:\Program Files (x86)\Microsoft Visual Studio 12.0\VC\bin\CL.exe /c /I"C:\Program Files (x86)\Visual Leak Detector\include" /Zi /nologo /W3 /WX- /sdl /O2 /Oi /Oy- /GL /D _ITERATOR_DEBUG_LEVEL=0 /D WIN32 /D NDEBUG /D _WINDOWS /D _USRDLL /D GAMEENGINE_EXPORTS /D _UNICODE /D UNICODE /Gm- /EHsc /MD /GS /Gy /fp:precise /Zc:wchar_t /Zc:forScope /Fo"Release\\" /Fd"Release\vc120.pdb" /Gd /TP /analyze- /errorReport:prompt Animation.cpp AnimationComponent.cpp AnimationManager.cpp DynamicEntity.cpp Entity.cpp EntityManager.cpp Event.cpp EventManager.cpp FluentEntity.cpp GameEntity.cpp KeyboardHandler.cpp RenderComponent.cpp Renderer.cpp Quadtree.cpp TextureManager.cpp UI\Button.cpp UI\UIElement.cpp UI\Window.cpp
         Animation.cpp
     1>Animation.cpp(26): warning C4018: '<' : signed/unsigned mismatch
         AnimationComponent.cpp
         AnimationManager.cpp
     1>AnimationManager.cpp(114): warning C4244: '=' : conversion from 'Uint32' to 'float', possible loss of data
         DynamicEntity.cpp
     1>DynamicEntity.cpp(70): warning C4244: 'initializing' : conversion from 'double' to 'float', possible loss of data
         Entity.cpp
         EntityManager.cpp
     1>c:\users\newmast\documents\github\consisorium\consistorium\gameengine\../Game/Globals/Constants.h(28): warning C4305: 'initializing' : truncation from 'double' to 'const float'
     1>c:\users\newmast\documents\github\consisorium\consistorium\gameengine\../Game/Globals/Constants.h(32): warning C4305: 'initializing' : truncation from 'double' to 'const float'
     1>c:\users\newmast\documents\github\consisorium\consistorium\gameengine\../Game/Globals/Constants.h(52): warning C4244: 'initializing' : conversion from 'const float' to 'const int', possible loss of data
     1>EntityManager.cpp(54): warning C4244: 'initializing' : conversion from 'int' to 'float', possible loss of data
         Event.cpp
         EventManager.cpp
         FluentEntity.cpp
         GameEntity.cpp
         KeyboardHandler.cpp
         RenderComponent.cpp
         Renderer.cpp
     1>c:\users\newmast\documents\github\consisorium\consistorium\gameengine\Quadtree.h(15): warning C4244: '=' : conversion from 'float' to 'int', possible loss of data
     1>c:\users\newmast\documents\github\consisorium\consistorium\gameengine\Quadtree.h(25): warning C4244: 'return' : conversion from 'int' to 'float', possible loss of data
     1>Renderer.cpp(16): warning C4244: 'argument' : conversion from 'int' to 'float', possible loss of data
     1>Renderer.cpp(68): warning C4244: 'argument' : conversion from 'double' to 'float', possible loss of data
     1>Renderer.cpp(112): warning C4244: '=' : conversion from 'float32' to 'int', possible loss of data
     1>Renderer.cpp(113): warning C4244: '=' : conversion from 'float32' to 'int', possible loss of data
     1>Renderer.cpp(126): warning C4244: '=' : conversion from 'float32' to 'int', possible loss of data
     1>Renderer.cpp(127): warning C4244: '=' : conversion from 'float32' to 'int', possible loss of data
     1>Renderer.cpp(129): warning C4305: 'initializing' : truncation from 'double' to 'float'
     1>Renderer.cpp(130): warning C4244: '=' : conversion from 'float32' to 'int', possible loss of data
     1>Renderer.cpp(131): warning C4244: '=' : conversion from 'float32' to 'int', possible loss of data
     1>Renderer.cpp(133): warning C4244: '=' : conversion from 'float' to 'int', possible loss of data
     1>Renderer.cpp(134): warning C4244: '=' : conversion from 'float' to 'int', possible loss of data
     1>Renderer.cpp(151): warning C4244: '=' : conversion from 'float32' to 'int', possible loss of data
     1>Renderer.cpp(152): warning C4244: '=' : conversion from 'float32' to 'int', possible loss of data
         Quadtree.cpp
     1>c:\users\newmast\documents\github\consisorium\consistorium\gameengine\Quadtree.h(15): warning C4244: '=' : conversion from 'float' to 'int', possible loss of data
     1>c:\users\newmast\documents\github\consisorium\consistorium\gameengine\Quadtree.h(25): warning C4244: 'return' : conversion from 'int' to 'float', possible loss of data
     1>Quadtree.cpp(23): warning C4018: '<' : signed/unsigned mismatch
     1>Quadtree.cpp(44): warning C4018: '<' : signed/unsigned mismatch
     1>Quadtree.cpp(73): warning C4018: '<' : signed/unsigned mismatch
         TextureManager.cpp
     1>TextureManager.cpp(61): warning C4244: 'argument' : conversion from 'int' to 'float32', possible loss of data
         Button.cpp
         UIElement.cpp
     1>UI\UIElement.cpp(15): warning C4244: '=' : conversion from 'float' to 'int', possible loss of data
     1>UI\UIElement.cpp(16): warning C4244: '=' : conversion from 'float' to 'int', possible loss of data
     1>UI\UIElement.cpp(28): warning C4244: '=' : conversion from 'double' to 'float', possible loss of data
     1>UI\UIElement.cpp(33): warning C4244: '=' : conversion from 'double' to 'float', possible loss of data
         Window.cpp
       Lib:
         C:\Program Files (x86)\Microsoft Visual Studio 12.0\VC\bin\Lib.exe /OUT:"C:\Users\newmast\Documents\GitHub\Consisorium\Consistorium\Release\GameEngine.lib" /LIBPATH:"C:\Program Files (x86)\Visual Leak Detector\lib\Win32" /NOLOGO /LTCG Release\GameEngine.res
         Release\Animation.obj
         Release\AnimationComponent.obj
         Release\AnimationManager.obj
         Release\DynamicEntity.obj
         Release\Entity.obj
         Release\EntityManager.obj
         Release\Event.obj
         Release\EventManager.obj
         Release\FluentEntity.obj
         Release\GameEntity.obj
         Release\KeyboardHandler.obj
         Release\RenderComponent.obj
         Release\Renderer.obj
         Release\Quadtree.obj
         Release\TextureManager.obj
         Release\Button.obj
         Release\UIElement.obj
         Release\Window.obj
     1>LINK : warning LNK4068: /MACHINE not specified; defaulting to X86
         GameEngine.vcxproj -> C:\Users\newmast\Documents\GitHub\Consisorium\Consistorium\Release\GameEngine.lib
     1>Done Building Project "C:\Users\newmast\Documents\GitHub\Consisorium\Consistorium\GameEngine\GameEngine.vcxproj" (Build target(s)).

Build succeeded.

Time Elapsed 00:00:07.21
