c:\users\radostin\documents\informatics\consistorium\consistorium\debug\vc120.pdb
c:\users\radostin\documents\informatics\consistorium\consistorium\debug\vc120.idb
c:\users\radostin\documents\informatics\consistorium\consistorium\debug\capsule.obj
c:\users\radostin\documents\informatics\consistorium\consistorium\debug\enemy.obj
c:\users\radostin\documents\informatics\consistorium\consistorium\debug\skeleton.obj
c:\users\radostin\documents\informatics\consistorium\consistorium\debug\entityfactory.obj
c:\users\radostin\documents\informatics\consistorium\consistorium\debug\block.obj
c:\users\radostin\documents\informatics\consistorium\consistorium\debug\tree.obj
c:\users\radostin\documents\informatics\consistorium\consistorium\debug\player.obj
c:\users\radostin\documents\informatics\consistorium\consistorium\debug\game.obj
c:\users\radostin\documents\informatics\consistorium\consistorium\debug\main.obj
c:\users\radostin\documents\informatics\consistorium\consistorium\debug\menu.obj
c:\users\radostin\documents\informatics\consistorium\consistorium\debug\interfacemanager.obj
c:\users\radostin\documents\informatics\consistorium\consistorium\debug\itemslot.obj
c:\users\radostin\documents\informatics\consistorium\consistorium\debug\jumpcontactlistener.obj
c:\users\radostin\documents\informatics\consistorium\consistorium\debug\groundlayer.obj
c:\users\radostin\documents\informatics\consistorium\consistorium\debug\specialplace.obj
c:\users\radostin\documents\informatics\consistorium\consistorium\debug\specialplacesmanager.obj
c:\users\radostin\documents\informatics\consistorium\consistorium\debug\undergroundlayer.obj
c:\users\radostin\documents\informatics\consistorium\consistorium\debug\worldgenerator.obj
c:\users\radostin\documents\informatics\consistorium\consistorium\debug\actionbar.obj
c:\users\radostin\documents\informatics\consistorium\consistorium\debug\backgroundmanager.obj
c:\users\radostin\documents\informatics\consistorium\consistorium\debug\gameutils.obj
c:\users\radostin\documents\informatics\consistorium\consistorium\debug\inventory.obj
c:\users\radostin\documents\informatics\consistorium\consistorium\debug\consistorium.pdb
c:\users\radostin\documents\informatics\consistorium\consistorium\debug\consistorium.tlog\cl.command.1.tlog
c:\users\radostin\documents\informatics\consistorium\consistorium\debug\consistorium.tlog\cl.read.1.tlog
c:\users\radostin\documents\informatics\consistorium\consistorium\debug\consistorium.tlog\cl.write.1.tlog
c:\users\radostin\documents\informatics\consistorium\consistorium\debug\consistorium.tlog\link-cvtres.read.1.tlog
c:\users\radostin\documents\informatics\consistorium\consistorium\debug\consistorium.tlog\link-cvtres.write.1.tlog
c:\users\radostin\documents\informatics\consistorium\consistorium\debug\consistorium.tlog\link-rc.read.1.tlog
c:\users\radostin\documents\informatics\consistorium\consistorium\debug\consistorium.tlog\link-rc.write.1.tlog
c:\users\radostin\documents\informatics\consistorium\consistorium\debug\consistorium.tlog\link.10412-cvtres.read.1.tlog
c:\users\radostin\documents\informatics\consistorium\consistorium\debug\consistorium.tlog\link.10412-cvtres.write.1.tlog
c:\users\radostin\documents\informatics\consistorium\consistorium\debug\consistorium.tlog\link.10412-rc.read.1.tlog
c:\users\radostin\documents\informatics\consistorium\consistorium\debug\consistorium.tlog\link.10412-rc.write.1.tlog
c:\users\radostin\documents\informatics\consistorium\consistorium\debug\consistorium.tlog\link.10412.read.1.tlog
c:\users\radostin\documents\informatics\consistorium\consistorium\debug\consistorium.tlog\link.10412.write.1.tlog
c:\users\radostin\documents\informatics\consistorium\consistorium\debug\consistorium.tlog\link.command.1.tlog
c:\users\radostin\documents\informatics\consistorium\consistorium\debug\consistorium.tlog\link.read.1.tlog
c:\users\radostin\documents\informatics\consistorium\consistorium\debug\consistorium.tlog\link.write.1.tlog
