  EntityManager.cpp
c:\users\radostin\documents\informatics\consistorium\consistorium\game\globals\constants.h(28): warning C4305: 'initializing' : truncation from 'double' to 'const float'
c:\users\radostin\documents\informatics\consistorium\consistorium\game\globals\constants.h(32): warning C4305: 'initializing' : truncation from 'double' to 'const float'
c:\users\radostin\documents\informatics\consistorium\consistorium\game\globals\constants.h(52): warning C4244: 'initializing' : conversion from 'const float' to 'const int', possible loss of data
c:\users\radostin\documents\informatics\consistorium\consistorium\gameengine\entitymanager.cpp(54): warning C4244: 'initializing' : conversion from 'int' to 'float', possible loss of data
  Generating Code...
  Compiling...
  Quadtree.cpp
c:\users\radostin\documents\informatics\consistorium\consistorium\gameengine\quadtree.h(15): warning C4244: '=' : conversion from 'float' to 'int', possible loss of data
c:\users\radostin\documents\informatics\consistorium\consistorium\gameengine\quadtree.h(25): warning C4244: 'return' : conversion from 'int' to 'float', possible loss of data
c:\users\radostin\documents\informatics\consistorium\consistorium\gameengine\quadtree.cpp(23): warning C4018: '<' : signed/unsigned mismatch
c:\users\radostin\documents\informatics\consistorium\consistorium\gameengine\quadtree.cpp(44): warning C4018: '<' : signed/unsigned mismatch
c:\users\radostin\documents\informatics\consistorium\consistorium\gameengine\quadtree.cpp(73): warning C4018: '<' : signed/unsigned mismatch
  Generating Code...
  Compiling...
  Renderer.cpp
c:\users\radostin\documents\informatics\consistorium\consistorium\gameengine\quadtree.h(15): warning C4244: '=' : conversion from 'float' to 'int', possible loss of data
c:\users\radostin\documents\informatics\consistorium\consistorium\gameengine\quadtree.h(25): warning C4244: 'return' : conversion from 'int' to 'float', possible loss of data
c:\users\radostin\documents\informatics\consistorium\consistorium\gameengine\renderer.cpp(16): warning C4244: 'argument' : conversion from 'int' to 'float', possible loss of data
c:\users\radostin\documents\informatics\consistorium\consistorium\gameengine\renderer.cpp(68): warning C4244: 'argument' : conversion from 'double' to 'float', possible loss of data
c:\users\radostin\documents\informatics\consistorium\consistorium\gameengine\renderer.cpp(112): warning C4244: '=' : conversion from 'float32' to 'int', possible loss of data
c:\users\radostin\documents\informatics\consistorium\consistorium\gameengine\renderer.cpp(113): warning C4244: '=' : conversion from 'float32' to 'int', possible loss of data
c:\users\radostin\documents\informatics\consistorium\consistorium\gameengine\renderer.cpp(126): warning C4244: '=' : conversion from 'float32' to 'int', possible loss of data
c:\users\radostin\documents\informatics\consistorium\consistorium\gameengine\renderer.cpp(127): warning C4244: '=' : conversion from 'float32' to 'int', possible loss of data
c:\users\radostin\documents\informatics\consistorium\consistorium\gameengine\renderer.cpp(129): warning C4305: 'initializing' : truncation from 'double' to 'float'
c:\users\radostin\documents\informatics\consistorium\consistorium\gameengine\renderer.cpp(130): warning C4244: '=' : conversion from 'float32' to 'int', possible loss of data
c:\users\radostin\documents\informatics\consistorium\consistorium\gameengine\renderer.cpp(131): warning C4244: '=' : conversion from 'float32' to 'int', possible loss of data
c:\users\radostin\documents\informatics\consistorium\consistorium\gameengine\renderer.cpp(133): warning C4244: '=' : conversion from 'float' to 'int', possible loss of data
c:\users\radostin\documents\informatics\consistorium\consistorium\gameengine\renderer.cpp(134): warning C4244: '=' : conversion from 'float' to 'int', possible loss of data
c:\users\radostin\documents\informatics\consistorium\consistorium\gameengine\renderer.cpp(151): warning C4244: '=' : conversion from 'float32' to 'int', possible loss of data
c:\users\radostin\documents\informatics\consistorium\consistorium\gameengine\renderer.cpp(152): warning C4244: '=' : conversion from 'float32' to 'int', possible loss of data
  Generating Code...
LINK : warning LNK4068: /MACHINE not specified; defaulting to X86
  GameEngine.vcxproj -> C:\Users\radostin\Documents\informatics\Consistorium\Consistorium\Debug\GameEngine.lib
