c:\users\radostin\documents\informatics\consistorium\consistorium\gameengine\debug\vc120.pdb
c:\users\radostin\documents\informatics\consistorium\consistorium\gameengine\debug\vc120.idb
c:\users\radostin\documents\informatics\consistorium\consistorium\gameengine\debug\animation.obj
c:\users\radostin\documents\informatics\consistorium\consistorium\gameengine\debug\animationcomponent.obj
c:\users\radostin\documents\informatics\consistorium\consistorium\gameengine\debug\animationmanager.obj
c:\users\radostin\documents\informatics\consistorium\consistorium\gameengine\debug\dynamicentity.obj
c:\users\radostin\documents\informatics\consistorium\consistorium\gameengine\debug\entity.obj
c:\users\radostin\documents\informatics\consistorium\consistorium\gameengine\debug\entitymanager.obj
c:\users\radostin\documents\informatics\consistorium\consistorium\gameengine\debug\fluententity.obj
c:\users\radostin\documents\informatics\consistorium\consistorium\gameengine\debug\gameentity.obj
c:\users\radostin\documents\informatics\consistorium\consistorium\gameengine\debug\keyboardhandler.obj
c:\users\radostin\documents\informatics\consistorium\consistorium\gameengine\debug\rendercomponent.obj
c:\users\radostin\documents\informatics\consistorium\consistorium\gameengine\debug\renderer.obj
c:\users\radostin\documents\informatics\consistorium\consistorium\gameengine\debug\texturemanager.obj
c:\users\radostin\documents\informatics\consistorium\consistorium\gameengine\debug\button.obj
c:\users\radostin\documents\informatics\consistorium\consistorium\gameengine\debug\uielement.obj
c:\users\radostin\documents\informatics\consistorium\consistorium\gameengine\debug\window.obj
c:\users\radostin\documents\informatics\consistorium\consistorium\gameengine\debug\event.obj
c:\users\radostin\documents\informatics\consistorium\consistorium\gameengine\debug\eventmanager.obj
c:\users\radostin\documents\informatics\consistorium\consistorium\debug\gameengine.lib
c:\users\radostin\documents\informatics\consistorium\consistorium\gameengine\debug\gameengine.res
c:\users\radostin\documents\informatics\consistorium\consistorium\gameengine\debug\gameengine.tlog\cl.command.1.tlog
c:\users\radostin\documents\informatics\consistorium\consistorium\gameengine\debug\gameengine.tlog\cl.read.1.tlog
c:\users\radostin\documents\informatics\consistorium\consistorium\gameengine\debug\gameengine.tlog\cl.write.1.tlog
c:\users\radostin\documents\informatics\consistorium\consistorium\gameengine\debug\gameengine.tlog\lib-link-cvtres.read.1.tlog
c:\users\radostin\documents\informatics\consistorium\consistorium\gameengine\debug\gameengine.tlog\lib-link-cvtres.write.1.tlog
c:\users\radostin\documents\informatics\consistorium\consistorium\gameengine\debug\gameengine.tlog\lib.command.1.tlog
c:\users\radostin\documents\informatics\consistorium\consistorium\gameengine\debug\gameengine.tlog\rc.command.1.tlog
c:\users\radostin\documents\informatics\consistorium\consistorium\gameengine\debug\gameengine.tlog\rc.read.1.tlog
c:\users\radostin\documents\informatics\consistorium\consistorium\gameengine\debug\gameengine.tlog\rc.write.1.tlog
